<?xml version="1.0" encoding="UTF-8"?>
<coverage generated="1773882419853" clover="3.2.0">
  <project timestamp="1773882419853" name="All files">
    <metrics statements="18" coveredstatements="8" conditionals="8" coveredconditionals="2" methods="5" coveredmethods="1" elements="31" coveredelements="11" complexity="0" loc="18" ncloc="18" packages="3" files="3" classes="3"/>
    <package name="contexts">
      <metrics statements="1" coveredstatements="1" conditionals="0" coveredconditionals="0" methods="0" coveredmethods="0"/>
      <file name="AuthContext.js" path="C:\FPT\SWP\CMS\fe\src\contexts\AuthContext.js">
        <metrics statements="1" coveredstatements="1" conditionals="0" coveredconditionals="0" methods="0" coveredmethods="0"/>
        <line num="3" count="1" type="stmt"/>
      </file>
    </package>
    <package name="hooks">
      <metrics statements="5" coveredstatements="4" conditionals="2" coveredconditionals="1" methods="1" coveredmethods="1"/>
      <file name="useAuth.js" path="C:\FPT\SWP\CMS\fe\src\hooks\useAuth.js">
        <metrics statements="5" coveredstatements="4" conditionals="2" coveredconditionals="1" methods="1" coveredmethods="1"/>
        <line num="4" count="1" type="stmt"/>
        <line num="5" count="2" type="stmt"/>
        <line num="7" count="2" type="cond" truecount="1" falsecount="1"/>
        <line num="8" count="2" type="stmt"/>
        <line num="11" count="0" type="stmt"/>
      </file>
    </package>
    <package name="services">
      <metrics statements="12" coveredstatements="3" conditionals="6" coveredconditionals="1" methods="4" coveredmethods="0"/>
      <file name="api.js" path="C:\FPT\SWP\CMS\fe\src\services\api.js">
        <metrics statements="12" coveredstatements="3" conditionals="6" coveredconditionals="1" methods="4" coveredmethods="0"/>
        <line num="3" count="1" type="stmt"/>
        <line num="9" count="1" type="stmt"/>
        <line num="11" count="0" type="stmt"/>
        <line num="12" count="0" type="cond" truecount="0" falsecount="2"/>
        <line num="13" count="0" type="stmt"/>
        <line num="15" count="0" type="stmt"/>
        <line num="17" count="0" type="stmt"/>
        <line num="21" count="1" type="stmt"/>
        <line num="22" count="0" type="stmt"/>
        <line num="24" count="0" type="cond" truecount="0" falsecount="2"/>
        <line num="26" count="0" type="stmt"/>
        <line num="28" count="0" type="stmt"/>
      </file>
    </package>
  </project>
</coverage>
