{"C:\\FPT\\SWP\\CMS\\fe\\src\\contexts\\AuthContext.js": {"path":"C:\\FPT\\SWP\\CMS\\fe\\src\\contexts\\AuthContext.js","statementMap":{"0":{"start":{"line":3,"column":26},"end":{"line":3,"column":46}}},"fnMap":{},"branchMap":{},"s":{"0":1},"f":{},"b":{},"meta":{"lastBranch":0,"lastFunction":0,"lastStatement":1,"seen":{"s:3:26:3:46":0}}}
,"C:\\FPT\\SWP\\CMS\\fe\\src\\hooks\\useAuth.js": {"path":"C:\\FPT\\SWP\\CMS\\fe\\src\\hooks\\useAuth.js","statementMap":{"0":{"start":{"line":4,"column":23},"end":{"line":12,"column":1}},"1":{"start":{"line":5,"column":13},"end":{"line":5,"column":37}},"2":{"start":{"line":7,"column":2},"end":{"line":9,"column":3}},"3":{"start":{"line":8,"column":4},"end":{"line":8,"column":64}},"4":{"start":{"line":11,"column":2},"end":{"line":11,"column":13}}},"fnMap":{"0":{"name":"(anonymous_0)","decl":{"start":{"line":4,"column":23},"end":{"line":4,"column":24}},"loc":{"start":{"line":4,"column":29},"end":{"line":12,"column":1}},"line":4}},"branchMap":{"0":{"loc":{"start":{"line":7,"column":2},"end":{"line":9,"column":3}},"type":"if","locations":[{"start":{"line":7,"column":2},"end":{"line":9,"column":3}},{"start":{},"end":{}}],"line":7}},"s":{"0":1,"1":2,"2":2,"3":2,"4":0},"f":{"0":2},"b":{"0":[2,0]},"meta":{"lastBranch":1,"lastFunction":1,"lastStatement":5,"seen":{"s:4:23:12:1":0,"f:4:23:4:24":0,"s:5:13:5:37":1,"b:7:2:9:3:undefined:undefined:undefined:undefined":0,"s:7:2:9:3":2,"s:8:4:8:64":3,"s:11:2:11:13":4}}}
,"C:\\FPT\\SWP\\CMS\\fe\\src\\services\\api.js": {"path":"C:\\FPT\\SWP\\CMS\\fe\\src\\services\\api.js","statementMap":{"0":{"start":{"line":3,"column":12},"end":{"line":6,"column":2}},"1":{"start":{"line":9,"column":0},"end":{"line":18,"column":2}},"2":{"start":{"line":11,"column":18},"end":{"line":11,"column":53}},"3":{"start":{"line":12,"column":4},"end":{"line":14,"column":5}},"4":{"start":{"line":13,"column":6},"end":{"line":13,"column":55}},"5":{"start":{"line":15,"column":4},"end":{"line":15,"column":18}},"6":{"start":{"line":17,"column":13},"end":{"line":17,"column":34}},"7":{"start":{"line":21,"column":0},"end":{"line":30,"column":2}},"8":{"start":{"line":22,"column":11},"end":{"line":22,"column":14}},"9":{"start":{"line":24,"column":4},"end":{"line":27,"column":5}},"10":{"start":{"line":26,"column":6},"end":{"line":26,"column":45}},"11":{"start":{"line":28,"column":4},"end":{"line":28,"column":33}}},"fnMap":{"0":{"name":"(anonymous_0)","decl":{"start":{"line":10,"column":2},"end":{"line":10,"column":3}},"loc":{"start":{"line":10,"column":14},"end":{"line":16,"column":3}},"line":10},"1":{"name":"(anonymous_1)","decl":{"start":{"line":17,"column":2},"end":{"line":17,"column":3}},"loc":{"start":{"line":17,"column":13},"end":{"line":17,"column":34}},"line":17},"2":{"name":"(anonymous_2)","decl":{"start":{"line":22,"column":2},"end":{"line":22,"column":3}},"loc":{"start":{"line":22,"column":11},"end":{"line":22,"column":14}},"line":22},"3":{"name":"(anonymous_3)","decl":{"start":{"line":23,"column":2},"end":{"line":23,"column":3}},"loc":{"start":{"line":23,"column":13},"end":{"line":29,"column":3}},"line":23}},"branchMap":{"0":{"loc":{"start":{"line":4,"column":11},"end":{"line":4,"column":78}},"type":"binary-expr","locations":[{"start":{"line":4,"column":11},"end":{"line":4,"column":44}},{"start":{"line":4,"column":48},"end":{"line":4,"column":78}}],"line":4},"1":{"loc":{"start":{"line":12,"column":4},"end":{"line":14,"column":5}},"type":"if","locations":[{"start":{"line":12,"column":4},"end":{"line":14,"column":5}},{"start":{},"end":{}}],"line":12},"2":{"loc":{"start":{"line":24,"column":4},"end":{"line":27,"column":5}},"type":"if","locations":[{"start":{"line":24,"column":4},"end":{"line":27,"column":5}},{"start":{},"end":{}}],"line":24}},"s":{"0":1,"1":1,"2":0,"3":0,"4":0,"5":0,"6":0,"7":1,"8":0,"9":0,"10":0,"11":0},"f":{"0":0,"1":0,"2":0,"3":0},"b":{"0":[1,0],"1":[0,0],"2":[0,0]},"meta":{"lastBranch":3,"lastFunction":4,"lastStatement":12,"seen":{"s:3:12:6:2":0,"b:4:11:4:44:4:48:4:78":0,"s:9:0:18:2":1,"f:10:2:10:3":0,"s:11:18:11:53":2,"b:12:4:14:5:undefined:undefined:undefined:undefined":1,"s:12:4:14:5":3,"s:13:6:13:55":4,"s:15:4:15:18":5,"f:17:2:17:3":1,"s:17:13:17:34":6,"s:21:0:30:2":7,"f:22:2:22:3":2,"s:22:11:22:14":8,"f:23:2:23:3":3,"b:24:4:27:5:undefined:undefined:undefined:undefined":2,"s:24:4:27:5":9,"s:26:6:26:45":10,"s:28:4:28:33":11}}}
}
